\BOOKMARK [1][-]{section.1}{\376\377\000I\000n\000t\000r\000o\000d\000u\000c\000t\000i\000o\000n}{}% 1
\BOOKMARK [1][-]{section.2}{\376\377\000B\000a\000c\000k\000g\000r\000o\000u\000n\000d}{}% 2
\BOOKMARK [2][-]{subsection.2.1}{\376\377\000C\000o\000n\000g\000e\000s\000t\000i\000o\000n\000\040\000C\000o\000n\000t\000r\000o\000l\000\040\000F\000u\000n\000d\000a\000m\000e\000n\000t\000a\000l\000s}{section.2}% 3
\BOOKMARK [3][-]{subsubsection.2.1.1}{\376\377\000P\000e\000r\000f\000o\000r\000m\000a\000n\000c\000e\000\040\000a\000n\000d\000\040\000F\000a\000i\000r\000n\000e\000s\000s\000\040\000M\000e\000t\000r\000i\000c\000s}{subsection.2.1}% 4
\BOOKMARK [2][-]{subsection.2.2}{\376\377\000T\000C\000P\000\040\000C\000u\000b\000i\000c}{section.2}% 5
\BOOKMARK [2][-]{subsection.2.3}{\376\377\000T\000C\000P\000\040\000V\000e\000g\000a\000s}{section.2}% 6
\BOOKMARK [2][-]{subsection.2.4}{\376\377\000F\000A\000S\000T\000\040\000T\000C\000P}{section.2}% 7
\BOOKMARK [1][-]{section.3}{\376\377\000R\000e\000l\000a\000t\000e\000d\000\040\000W\000o\000r\000k}{}% 8
\BOOKMARK [2][-]{subsection.3.1}{\376\377\000B\000o\000t\000t\000l\000e\000n\000e\000c\000k\000\040\000B\000a\000n\000d\000w\000i\000d\000t\000h\000\040\000a\000n\000d\000\040\000R\000o\000u\000n\000d\000-\000T\000r\000i\000p\000\040\000p\000r\000o\000p\000a\000g\000a\000t\000i\000o\000n\000\040\000T\000i\000m\000e\000\040\000\050\000B\000B\000R\000\051}{section.3}% 9
\BOOKMARK [3][-]{subsubsection.3.1.1}{\376\377\000A\000c\000t\000i\000v\000e\000\040\000Q\000u\000e\000u\000e\000\040\000D\000e\000b\000t\000\040\000C\000o\000m\000p\000e\000n\000s\000a\000t\000i\000o\000n\000\040\000\050\000A\000Q\000D\000C\000\051\000\040\000B\000B\000R}{subsection.3.1}% 10
\BOOKMARK [3][-]{subsubsection.3.1.2}{\376\377\000B\000B\000R\000-\000E\000x\000t\000e\000n\000d\000e\000d\000\040\000S\000t\000a\000t\000e\000\040\000\050\000E\000S\000\051}{subsection.3.1}% 11
\BOOKMARK [2][-]{subsection.3.2}{\376\377\000P\000e\000r\000f\000o\000r\000m\000a\000n\000c\000e\000-\000o\000r\000i\000e\000n\000t\000e\000d\000\040\000C\000o\000n\000g\000e\000s\000t\000i\000o\000n\000\040\000C\000o\000n\000t\000r\000o\000l\000\040\000\050\000P\000C\000C\000\051}{section.3}% 12
\BOOKMARK [2][-]{subsection.3.3}{\376\377\000C\000o\000p\000a}{section.3}% 13
\BOOKMARK [3][-]{subsubsection.3.3.1}{\376\377\000C\000o\000p\000a\000+}{subsection.3.3}% 14
\BOOKMARK [3][-]{subsubsection.3.3.2}{\376\377\000C\000o\000p\000a\000-\000D\000y\000n\000a\000m\000i\000c\000\040\000\050\000C\000o\000p\000a\000-\000D\000\051}{subsection.3.3}% 15
\BOOKMARK [2][-]{subsection.3.4}{\376\377\000P\000o\000w\000e\000r\000T\000C\000P}{section.3}% 16
\BOOKMARK [2][-]{subsection.3.5}{\376\377\000C\000h\000r\000i\000s\000t\000i\000a\000n\000'\000s\000\040\000C\000o\000n\000g\000e\000s\000t\000i\000o\000n\000\040\000C\000o\000n\000t\000r\000o\000l\000\040\000C\000o\000d\000e\000\040\000-\000\040\000C\0004}{section.3}% 17
\BOOKMARK [1][-]{section.4}{\376\377\000E\000v\000a\000l\000u\000a\000t\000i\000o\000n\000s}{}% 18
\BOOKMARK [2][-]{subsection.4.1}{\376\377\000W\000h\000a\000t\000\040\000i\000s\000\040\000t\000h\000e\000\040\000g\000o\000a\000l\000\040\000o\000f\000\040\000C\000o\000n\000g\000e\000s\000t\000i\000o\000n\000\040\000C\000o\000n\000t\000r\000o\000l\000?}{section.4}% 19
\BOOKMARK [2][-]{subsection.4.2}{\376\377\000B\000B\000R}{section.4}% 20
\BOOKMARK [2][-]{subsection.4.3}{\376\377\000P\000C\000C}{section.4}% 21
\BOOKMARK [2][-]{subsection.4.4}{\376\377\000C\000o\000p\000a}{section.4}% 22
\BOOKMARK [1][-]{section.5}{\376\377\000S\000u\000m\000m\000a\000r\000y}{}% 23
\BOOKMARK [1][-]{section.6}{\376\377\000O\000u\000t\000l\000o\000o\000k}{}% 24
\BOOKMARK [2][-]{subsection.6.1}{\376\377\000F\000u\000t\000u\000r\000e\000\040\000P\000r\000o\000b\000l\000e\000m\000s}{section.6}% 25
\BOOKMARK [2][-]{subsection.6.2}{\376\377\000W\000h\000i\000c\000h\000\040\000d\000i\000r\000e\000c\000t\000i\000o\000n\000\040\000i\000t\000\040\000i\000s\000\040\000g\000o\000i\000n\000g}{section.6}% 26
\BOOKMARK [1][-]{section*.3}{\376\377\000R\000e\000f\000e\000r\000e\000n\000c\000e\000s}{}% 27
